<?xml version="1.0" encoding="UTF-8"?>
<!-- Generated by org.testng.reporters.JUnitReportReporter -->
<testsuite name="demo.Open" tests="1" time="0.026" ignored="0" failures="0" timestamp="03 Apr 2017 05:24:54 GMT" skipped="0" hostname="DSB-PC" errors="0">
  <testcase name="titleVerification" time="0.026" classname="demo.Open"/>
</testsuite> <!-- demo.Open -->
